2015-07-31 21:23:56,274 INFO  [Infonal Main Test Log] New driver instantiated 
2015-07-31 21:23:56,277 INFO  [Infonal Main Test Log] Trying to enter facebook with blank username and Facebook! 
2015-07-31 21:24:21,216 INFO  [Infonal Main Test Log] Logging in Facebook with username and password 
2015-07-31 21:24:36,788 INFO  [Infonal Main Test Log] Checking whether the entered username or/and password is correct 
2015-07-31 21:24:39,801 INFO  [Infonal Main Test Log] Entered values are correct, logged in Facebook! 
2015-07-31 21:24:39,802 INFO  [Infonal Main Test Log] Closing the first driver and opening the second driver for N11 web site! 
2015-07-31 21:24:52,560 INFO  [Infonal Main Test Log] Another driver instantiated 
2015-07-31 21:24:52,563 INFO  [Infonal Main Test Log] Visiting the www.n11.com website 
2015-07-31 21:25:01,542 INFO  [Infonal Main Test Log] Trying to access 'Kitap' link through dropdown menu 
2015-07-31 21:25:04,877 INFO  [Infonal Main Test Log] Accessed the link 'Kitap' through 'Kitap, Müzik, Film, Oyun' dropdown menu 
2015-07-31 21:25:04,877 INFO  [Infonal Main Test Log] Waiting imlicitly since it can be slower to reach the site in some systems. 
2015-07-31 21:25:15,231 INFO  [Infonal Main Test Log] Closing the pop-up advertisement! 
2015-07-31 21:25:25,765 INFO  [Infonal Main Test Log] Waiting for the page to load the 'book' page 
2015-07-31 21:25:35,765 INFO  [Infonal Main Test Log] Accessing the 'Yazarlar' page through relevant link 
2015-07-31 21:25:43,043 INFO  [Infonal Main Test Log] Waiting implicitly for the page to load the 'book' page 
2015-07-31 21:25:45,951 INFO  [Infonal Main Test Log] Accessing the authors names with the first letter 'A' 
2015-07-31 21:25:51,768 INFO  [Infonal Main Test Log] Checking if the page has 80 or less author name in the list 
2015-07-31 21:25:51,768 INFO  [Infonal Main Test Log] There are 80 or less author name in the list! 
2015-07-31 21:25:51,768 INFO  [Infonal Main Test Log] Checking if there is an author name without first letter 'A' 
2015-07-31 21:25:56,201 INFO  [Infonal Main Test Log] There is no author name in the list without first letter 'A' 
2015-07-31 21:25:56,201 INFO  [Infonal Main Test Log] Checking if there is another authors page with the first letter 'A' 
2015-07-31 21:25:58,995 INFO  [Infonal Main Test Log] There is another page for the authors page with the first letter 'A' 
2015-07-31 21:26:13,279 INFO  [Infonal Main Test Log] Checking if there is an author name without first letter 'A' 
2015-07-31 21:26:18,563 INFO  [Infonal Main Test Log] There is no author name in the list without the first letter 'A' 
2015-07-31 21:26:18,563 INFO  [Infonal Main Test Log] Checking if the last author name of the previous page and the first author name of the current page is the same 
2015-07-31 21:26:18,563 INFO  [Infonal Main Test Log] The last author name of the previous page and the first one of the current page are not the same! 
2015-07-31 21:26:18,563 INFO  [Infonal Main Test Log] Accessing the authors names with the first letter 'B' 
2015-07-31 21:26:23,101 INFO  [Infonal Main Test Log] Checking if the page has 80 or less author name in the list 
2015-07-31 21:26:23,102 INFO  [Infonal Main Test Log] There are 80 or less author name in the list! 
2015-07-31 21:26:23,102 INFO  [Infonal Main Test Log] Checking if there is an author name without first letter 'B' 
2015-07-31 21:26:27,650 INFO  [Infonal Main Test Log] There is no author name in the list without first letter 'B' 
2015-07-31 21:26:27,650 INFO  [Infonal Main Test Log] Checking if there is another authors page with the first letter 'B' 
2015-07-31 21:26:32,752 INFO  [Infonal Main Test Log] There is another page for the authors page with the first letter 'B' 
2015-07-31 21:26:37,452 INFO  [Infonal Main Test Log] Checking if there is an author name without first letter 'B' 
2015-07-31 21:26:45,812 INFO  [Infonal Main Test Log] There is no author name in the list without the first letter 'B' 
2015-07-31 21:26:45,812 INFO  [Infonal Main Test Log] Checking if the last author name of the previous page and the first author name of the current page is the same 
2015-07-31 21:26:45,812 INFO  [Infonal Main Test Log] The last author name of the previous page and the first one of the current page are not the same! 
2015-07-31 21:26:45,812 INFO  [Infonal Main Test Log] Accessing the authors names with the first letter 'C' 
2015-07-31 21:26:49,734 INFO  [Infonal Main Test Log] Checking if the page has 80 or less author name in the list 
2015-07-31 21:26:49,734 INFO  [Infonal Main Test Log] There are 80 or less author name in the list! 
2015-07-31 21:26:49,734 INFO  [Infonal Main Test Log] Checking if there is an author name without first letter 'C' 
2015-07-31 21:26:55,516 INFO  [Infonal Main Test Log] There is no author name in the list without first letter 'C' 
2015-07-31 21:26:55,517 INFO  [Infonal Main Test Log] Checking if there is another authors page with the first letter 'C' 
2015-07-31 21:26:58,518 INFO  [Infonal Main Test Log] There is another page for the authors page with the first letter 'C' 
2015-07-31 21:27:02,350 INFO  [Infonal Main Test Log] Checking if there is an author name without first letter 'C' 
2015-07-31 21:27:11,051 INFO  [Infonal Main Test Log] There is no author name in the list without the first letter 'C' 
2015-07-31 21:27:11,051 INFO  [Infonal Main Test Log] Checking if the last author name of the previous page and the first author name of the current page is the same 
2015-07-31 21:27:11,051 INFO  [Infonal Main Test Log] The last author name of the previous page and the first one of the current page are not the same! 
2015-07-31 21:27:11,051 INFO  [Infonal Main Test Log] Accessing the authors names with the first letter 'Ç' 
2015-07-31 21:27:14,390 INFO  [Infonal Main Test Log] Checking if the page has 80 or less author name in the list 
2015-07-31 21:27:14,391 INFO  [Infonal Main Test Log] There are 80 or less author name in the list! 
2015-07-31 21:27:14,391 INFO  [Infonal Main Test Log] Checking if there is an author name without first letter 'Ç' 
2015-07-31 21:27:15,518 INFO  [Infonal Main Test Log] There is no author name in the list without first letter 'Ç' 
2015-07-31 21:27:15,518 INFO  [Infonal Main Test Log] Checking if there is another authors page with the first letter 'Ç' 
2015-07-31 21:27:26,509 INFO  [Infonal Main Test Log] Accessing the authors names with the first letter 'D' 
2015-07-31 21:27:30,725 INFO  [Infonal Main Test Log] Checking if the page has 80 or less author name in the list 
2015-07-31 21:27:30,725 INFO  [Infonal Main Test Log] There are 80 or less author name in the list! 
2015-07-31 21:27:30,725 INFO  [Infonal Main Test Log] Checking if there is an author name without first letter 'D' 
2015-07-31 21:27:40,325 INFO  [Infonal Main Test Log] There is no author name in the list without first letter 'D' 
2015-07-31 21:27:40,325 INFO  [Infonal Main Test Log] Checking if there is another authors page with the first letter 'D' 
2015-07-31 21:27:42,446 INFO  [Infonal Main Test Log] There is another page for the authors page with the first letter 'D' 
2015-07-31 21:27:46,308 INFO  [Infonal Main Test Log] Checking if there is an author name without first letter 'D' 
2015-07-31 21:27:48,578 INFO  [Infonal Main Test Log] There is no author name in the list without the first letter 'D' 
2015-07-31 21:27:48,578 INFO  [Infonal Main Test Log] Checking if the last author name of the previous page and the first author name of the current page is the same 
2015-07-31 21:27:48,578 INFO  [Infonal Main Test Log] The last author name of the previous page and the first one of the current page are not the same! 
2015-07-31 21:27:48,578 INFO  [Infonal Main Test Log] Accessing the authors names with the first letter 'E' 
2015-07-31 21:27:52,607 INFO  [Infonal Main Test Log] Checking if the page has 80 or less author name in the list 
2015-07-31 21:27:52,607 INFO  [Infonal Main Test Log] There are 80 or less author name in the list! 
2015-07-31 21:27:52,607 INFO  [Infonal Main Test Log] Checking if there is an author name without first letter 'E' 
2015-07-31 21:28:02,725 INFO  [Infonal Main Test Log] There is no author name in the list without first letter 'E' 
2015-07-31 21:28:02,725 INFO  [Infonal Main Test Log] Checking if there is another authors page with the first letter 'E' 
2015-07-31 21:28:04,790 INFO  [Infonal Main Test Log] There is another page for the authors page with the first letter 'E' 
2015-07-31 21:28:08,640 INFO  [Infonal Main Test Log] Checking if there is an author name without first letter 'E' 
2015-07-31 21:28:15,516 INFO  [Infonal Main Test Log] There is no author name in the list without the first letter 'E' 
2015-07-31 21:28:15,516 INFO  [Infonal Main Test Log] Checking if the last author name of the previous page and the first author name of the current page is the same 
2015-07-31 21:28:15,517 INFO  [Infonal Main Test Log] The last author name of the previous page and the first one of the current page are not the same! 
2015-07-31 21:28:15,517 INFO  [Infonal Main Test Log] Accessing the authors names with the first letter 'F' 
2015-07-31 21:28:19,325 INFO  [Infonal Main Test Log] Checking if the page has 80 or less author name in the list 
2015-07-31 21:28:19,326 INFO  [Infonal Main Test Log] There are 80 or less author name in the list! 
2015-07-31 21:28:19,326 INFO  [Infonal Main Test Log] Checking if there is an author name without first letter 'F' 
2015-07-31 21:28:23,709 INFO  [Infonal Main Test Log] There is no author name in the list without first letter 'F' 
2015-07-31 21:28:23,709 INFO  [Infonal Main Test Log] Checking if there is another authors page with the first letter 'F' 
2015-07-31 21:28:26,204 INFO  [Infonal Main Test Log] There is another page for the authors page with the first letter 'F' 
2015-07-31 21:28:30,749 INFO  [Infonal Main Test Log] Checking if there is an author name without first letter 'F' 
2015-07-31 21:28:35,334 INFO  [Infonal Main Test Log] There is no author name in the list without the first letter 'F' 
2015-07-31 21:28:35,334 INFO  [Infonal Main Test Log] Checking if the last author name of the previous page and the first author name of the current page is the same 
2015-07-31 21:28:35,334 INFO  [Infonal Main Test Log] The last author name of the previous page and the first one of the current page are not the same! 
2015-07-31 21:28:35,334 INFO  [Infonal Main Test Log] Accessing the authors names with the first letter 'G' 
2015-07-31 21:28:38,593 INFO  [Infonal Main Test Log] Checking if the page has 80 or less author name in the list 
2015-07-31 21:28:38,593 INFO  [Infonal Main Test Log] There are 80 or less author name in the list! 
2015-07-31 21:28:38,593 INFO  [Infonal Main Test Log] Checking if there is an author name without first letter 'G' 
2015-07-31 21:28:44,993 INFO  [Infonal Main Test Log] There is no author name in the list without first letter 'G' 
2015-07-31 21:28:44,993 INFO  [Infonal Main Test Log] Checking if there is another authors page with the first letter 'G' 
2015-07-31 21:28:47,371 INFO  [Infonal Main Test Log] There is another page for the authors page with the first letter 'G' 
2015-07-31 21:28:52,940 INFO  [Infonal Main Test Log] Checking if there is an author name without first letter 'G' 
2015-07-31 21:28:56,135 INFO  [Infonal Main Test Log] There is no author name in the list without the first letter 'G' 
2015-07-31 21:28:56,135 INFO  [Infonal Main Test Log] Checking if the last author name of the previous page and the first author name of the current page is the same 
2015-07-31 21:28:56,135 INFO  [Infonal Main Test Log] The last author name of the previous page and the first one of the current page are not the same! 
2015-07-31 21:28:56,136 INFO  [Infonal Main Test Log] Accessing the authors names with the first letter 'H' 
2015-07-31 21:28:59,904 INFO  [Infonal Main Test Log] Checking if the page has 80 or less author name in the list 
2015-07-31 21:28:59,904 INFO  [Infonal Main Test Log] There are 80 or less author name in the list! 
2015-07-31 21:28:59,904 INFO  [Infonal Main Test Log] Checking if there is an author name without first letter 'H' 
2015-07-31 21:29:05,962 INFO  [Infonal Main Test Log] There is no author name in the list without first letter 'H' 
2015-07-31 21:29:05,962 INFO  [Infonal Main Test Log] Checking if there is another authors page with the first letter 'H' 
2015-07-31 21:29:08,098 INFO  [Infonal Main Test Log] There is another page for the authors page with the first letter 'H' 
2015-07-31 21:29:13,358 INFO  [Infonal Main Test Log] Checking if there is an author name without first letter 'H' 
2015-07-31 21:29:18,137 INFO  [Infonal Main Test Log] There is no author name in the list without the first letter 'H' 
2015-07-31 21:29:18,137 INFO  [Infonal Main Test Log] Checking if the last author name of the previous page and the first author name of the current page is the same 
2015-07-31 21:29:18,137 INFO  [Infonal Main Test Log] The last author name of the previous page and the first one of the current page are not the same! 
2015-07-31 21:29:18,137 INFO  [Infonal Main Test Log] Accessing the authors names with the first letter 'I' 
2015-07-31 21:29:22,465 INFO  [Infonal Main Test Log] Checking if the page has 80 or less author name in the list 
2015-07-31 21:29:22,465 INFO  [Infonal Main Test Log] There are 80 or less author name in the list! 
2015-07-31 21:29:22,465 INFO  [Infonal Main Test Log] Checking if there is an author name without first letter 'I' 
2015-07-31 21:29:24,633 INFO  [Infonal Main Test Log] There is no author name in the list without first letter 'I' 
2015-07-31 21:29:24,633 INFO  [Infonal Main Test Log] Checking if there is another authors page with the first letter 'I' 
2015-07-31 21:29:35,525 INFO  [Infonal Main Test Log] Accessing the authors names with the first letter 'Ý' 
2015-07-31 21:29:39,109 INFO  [Infonal Main Test Log] Checking if the page has 80 or less author name in the list 
2015-07-31 21:29:39,110 INFO  [Infonal Main Test Log] There are 80 or less author name in the list! 
2015-07-31 21:29:39,110 INFO  [Infonal Main Test Log] Checking if there is an author name without first letter 'Ý' 
2015-07-31 21:29:43,607 INFO  [Infonal Main Test Log] There is no author name in the list without first letter 'Ý' 
2015-07-31 21:29:43,607 INFO  [Infonal Main Test Log] Checking if there is another authors page with the first letter 'Ý' 
2015-07-31 21:29:53,725 INFO  [Infonal Main Test Log] Accessing the authors names with the first letter 'J' 
2015-07-31 21:29:57,665 INFO  [Infonal Main Test Log] Checking if the page has 80 or less author name in the list 
2015-07-31 21:29:57,665 INFO  [Infonal Main Test Log] There are 80 or less author name in the list! 
2015-07-31 21:29:57,665 INFO  [Infonal Main Test Log] Checking if there is an author name without first letter 'J' 
2015-07-31 21:30:02,023 INFO  [Infonal Main Test Log] There is no author name in the list without first letter 'J' 
2015-07-31 21:30:02,023 INFO  [Infonal Main Test Log] Checking if there is another authors page with the first letter 'J' 
2015-07-31 21:30:04,123 INFO  [Infonal Main Test Log] There is another page for the authors page with the first letter 'J' 
2015-07-31 21:30:10,379 INFO  [Infonal Main Test Log] Checking if there is an author name without first letter 'J' 
2015-07-31 21:30:14,656 INFO  [Infonal Main Test Log] There is no author name in the list without the first letter 'J' 
2015-07-31 21:30:14,656 INFO  [Infonal Main Test Log] Checking if the last author name of the previous page and the first author name of the current page is the same 
2015-07-31 21:30:14,656 INFO  [Infonal Main Test Log] The last author name of the previous page and the first one of the current page are not the same! 
2015-07-31 21:30:14,656 INFO  [Infonal Main Test Log] Accessing the authors names with the first letter 'K' 
2015-07-31 21:30:18,408 INFO  [Infonal Main Test Log] Checking if the page has 80 or less author name in the list 
2015-07-31 21:30:18,409 INFO  [Infonal Main Test Log] There are 80 or less author name in the list! 
2015-07-31 21:30:18,409 INFO  [Infonal Main Test Log] Checking if there is an author name without first letter 'K' 
2015-07-31 21:30:24,444 INFO  [Infonal Main Test Log] There is no author name in the list without first letter 'K' 
2015-07-31 21:30:24,444 INFO  [Infonal Main Test Log] Checking if there is another authors page with the first letter 'K' 
2015-07-31 21:30:26,843 INFO  [Infonal Main Test Log] There is another page for the authors page with the first letter 'K' 
2015-07-31 21:30:33,012 INFO  [Infonal Main Test Log] Checking if there is an author name without first letter 'K' 
2015-07-31 21:30:35,738 INFO  [Infonal Main Test Log] There is no author name in the list without the first letter 'K' 
2015-07-31 21:30:35,738 INFO  [Infonal Main Test Log] Checking if the last author name of the previous page and the first author name of the current page is the same 
2015-07-31 21:30:35,738 INFO  [Infonal Main Test Log] The last author name of the previous page and the first one of the current page are not the same! 
2015-07-31 21:30:35,738 INFO  [Infonal Main Test Log] Accessing the authors names with the first letter 'L' 
2015-07-31 21:30:39,844 INFO  [Infonal Main Test Log] Checking if the page has 80 or less author name in the list 
2015-07-31 21:30:39,844 INFO  [Infonal Main Test Log] There are 80 or less author name in the list! 
2015-07-31 21:30:39,844 INFO  [Infonal Main Test Log] Checking if there is an author name without first letter 'L' 
2015-07-31 21:30:43,651 INFO  [Infonal Main Test Log] There is no author name in the list without first letter 'L' 
2015-07-31 21:30:43,651 INFO  [Infonal Main Test Log] Checking if there is another authors page with the first letter 'L' 
2015-07-31 21:30:45,914 INFO  [Infonal Main Test Log] There is another page for the authors page with the first letter 'L' 
2015-07-31 21:30:51,918 INFO  [Infonal Main Test Log] Checking if there is an author name without first letter 'L' 
2015-07-31 21:30:54,210 INFO  [Infonal Main Test Log] There is no author name in the list without the first letter 'L' 
2015-07-31 21:30:54,210 INFO  [Infonal Main Test Log] Checking if the last author name of the previous page and the first author name of the current page is the same 
2015-07-31 21:30:54,210 INFO  [Infonal Main Test Log] The last author name of the previous page and the first one of the current page are not the same! 
2015-07-31 21:30:54,210 INFO  [Infonal Main Test Log] Accessing the authors names with the first letter 'M' 
2015-07-31 21:30:59,178 INFO  [Infonal Main Test Log] Checking if the page has 80 or less author name in the list 
2015-07-31 21:30:59,179 INFO  [Infonal Main Test Log] There are 80 or less author name in the list! 
2015-07-31 21:30:59,179 INFO  [Infonal Main Test Log] Checking if there is an author name without first letter 'M' 
2015-07-31 21:31:02,972 INFO  [Infonal Main Test Log] There is no author name in the list without first letter 'M' 
2015-07-31 21:31:02,973 INFO  [Infonal Main Test Log] Checking if there is another authors page with the first letter 'M' 
2015-07-31 21:31:05,275 INFO  [Infonal Main Test Log] There is another page for the authors page with the first letter 'M' 
2015-07-31 21:31:11,279 INFO  [Infonal Main Test Log] Checking if there is an author name without first letter 'M' 
2015-07-31 21:31:14,973 INFO  [Infonal Main Test Log] There is no author name in the list without the first letter 'M' 
2015-07-31 21:31:14,973 INFO  [Infonal Main Test Log] Checking if the last author name of the previous page and the first author name of the current page is the same 
2015-07-31 21:31:14,973 INFO  [Infonal Main Test Log] The last author name of the previous page and the first one of the current page are not the same! 
2015-07-31 21:31:14,973 INFO  [Infonal Main Test Log] Accessing the authors names with the first letter 'N' 
2015-07-31 21:31:18,826 INFO  [Infonal Main Test Log] Checking if the page has 80 or less author name in the list 
2015-07-31 21:31:18,827 INFO  [Infonal Main Test Log] There are 80 or less author name in the list! 
2015-07-31 21:31:18,827 INFO  [Infonal Main Test Log] Checking if there is an author name without first letter 'N' 
2015-07-31 21:31:22,684 INFO  [Infonal Main Test Log] There is no author name in the list without first letter 'N' 
2015-07-31 21:31:22,685 INFO  [Infonal Main Test Log] Checking if there is another authors page with the first letter 'N' 
2015-07-31 21:31:24,921 INFO  [Infonal Main Test Log] There is another page for the authors page with the first letter 'N' 
2015-07-31 21:31:30,981 INFO  [Infonal Main Test Log] Checking if there is an author name without first letter 'N' 
2015-07-31 21:31:32,941 INFO  [Infonal Main Test Log] There is no author name in the list without the first letter 'N' 
2015-07-31 21:31:32,941 INFO  [Infonal Main Test Log] Checking if the last author name of the previous page and the first author name of the current page is the same 
2015-07-31 21:31:32,943 INFO  [Infonal Main Test Log] The last author name of the previous page and the first one of the current page are not the same! 
2015-07-31 21:31:32,943 INFO  [Infonal Main Test Log] Accessing the authors names with the first letter 'O' 
2015-07-31 21:31:36,901 INFO  [Infonal Main Test Log] Checking if the page has 80 or less author name in the list 
2015-07-31 21:31:36,904 INFO  [Infonal Main Test Log] There are 80 or less author name in the list! 
2015-07-31 21:31:36,904 INFO  [Infonal Main Test Log] Checking if there is an author name without first letter 'O' 
2015-07-31 21:31:40,537 INFO  [Infonal Main Test Log] There is no author name in the list without first letter 'O' 
2015-07-31 21:31:40,537 INFO  [Infonal Main Test Log] Checking if there is another authors page with the first letter 'O' 
2015-07-31 21:31:52,283 INFO  [Infonal Main Test Log] Accessing the authors names with the first letter 'Ö' 
2015-07-31 21:31:56,267 INFO  [Infonal Main Test Log] Checking if the page has 80 or less author name in the list 
2015-07-31 21:31:56,267 INFO  [Infonal Main Test Log] There are 80 or less author name in the list! 
2015-07-31 21:31:56,267 INFO  [Infonal Main Test Log] Checking if there is an author name without first letter 'Ö' 
2015-07-31 21:31:58,064 INFO  [Infonal Main Test Log] There is no author name in the list without first letter 'Ö' 
2015-07-31 21:31:58,064 INFO  [Infonal Main Test Log] Checking if there is another authors page with the first letter 'Ö' 
2015-07-31 21:32:10,129 INFO  [Infonal Main Test Log] Accessing the authors names with the first letter 'P' 
2015-07-31 21:32:13,954 INFO  [Infonal Main Test Log] Checking if the page has 80 or less author name in the list 
2015-07-31 21:32:13,955 INFO  [Infonal Main Test Log] There are 80 or less author name in the list! 
2015-07-31 21:32:13,955 INFO  [Infonal Main Test Log] Checking if there is an author name without first letter 'P' 
2015-07-31 21:32:17,568 INFO  [Infonal Main Test Log] There is no author name in the list without first letter 'P' 
2015-07-31 21:32:17,568 INFO  [Infonal Main Test Log] Checking if there is another authors page with the first letter 'P' 
2015-07-31 21:32:19,899 INFO  [Infonal Main Test Log] There is another page for the authors page with the first letter 'P' 
2015-07-31 21:32:25,653 INFO  [Infonal Main Test Log] Checking if there is an author name without first letter 'P' 
2015-07-31 21:32:26,833 INFO  [Infonal Main Test Log] There is no author name in the list without the first letter 'P' 
2015-07-31 21:32:26,834 INFO  [Infonal Main Test Log] Checking if the last author name of the previous page and the first author name of the current page is the same 
2015-07-31 21:32:26,834 INFO  [Infonal Main Test Log] The last author name of the previous page and the first one of the current page are not the same! 
2015-07-31 21:32:26,834 INFO  [Infonal Main Test Log] Accessing the authors names with the first letter 'Q' 
2015-07-31 21:32:30,156 INFO  [Infonal Main Test Log] Checking if the page has 80 or less author name in the list 
2015-07-31 21:32:30,157 INFO  [Infonal Main Test Log] There are 80 or less author name in the list! 
2015-07-31 21:32:30,157 INFO  [Infonal Main Test Log] Checking if there is an author name without first letter 'Q' 
2015-07-31 21:32:30,198 INFO  [Infonal Main Test Log] There is no author name in the list without first letter 'Q' 
2015-07-31 21:32:30,199 INFO  [Infonal Main Test Log] Checking if there is another authors page with the first letter 'Q' 
2015-07-31 21:32:40,623 INFO  [Infonal Main Test Log] Accessing the authors names with the first letter 'R' 
2015-07-31 21:32:44,138 INFO  [Infonal Main Test Log] Checking if the page has 80 or less author name in the list 
2015-07-31 21:32:44,138 INFO  [Infonal Main Test Log] There are 80 or less author name in the list! 
2015-07-31 21:32:44,138 INFO  [Infonal Main Test Log] Checking if there is an author name without first letter 'R' 
2015-07-31 21:32:48,437 INFO  [Infonal Main Test Log] There is no author name in the list without first letter 'R' 
2015-07-31 21:32:48,437 INFO  [Infonal Main Test Log] Checking if there is another authors page with the first letter 'R' 
2015-07-31 21:32:50,722 INFO  [Infonal Main Test Log] There is another page for the authors page with the first letter 'R' 
2015-07-31 21:32:56,979 INFO  [Infonal Main Test Log] Checking if there is an author name without first letter 'R' 
2015-07-31 21:32:59,498 INFO  [Infonal Main Test Log] There is no author name in the list without the first letter 'R' 
2015-07-31 21:32:59,498 INFO  [Infonal Main Test Log] Checking if the last author name of the previous page and the first author name of the current page is the same 
2015-07-31 21:32:59,498 INFO  [Infonal Main Test Log] The last author name of the previous page and the first one of the current page are not the same! 
2015-07-31 21:32:59,498 INFO  [Infonal Main Test Log] Accessing the authors names with the first letter 'S' 
2015-07-31 21:33:03,141 INFO  [Infonal Main Test Log] Checking if the page has 80 or less author name in the list 
2015-07-31 21:33:03,141 INFO  [Infonal Main Test Log] There are 80 or less author name in the list! 
2015-07-31 21:33:03,141 INFO  [Infonal Main Test Log] Checking if there is an author name without first letter 'S' 
2015-07-31 21:33:07,612 INFO  [Infonal Main Test Log] There is no author name in the list without first letter 'S' 
2015-07-31 21:33:07,612 INFO  [Infonal Main Test Log] Checking if there is another authors page with the first letter 'S' 
2015-07-31 21:33:09,772 INFO  [Infonal Main Test Log] There is another page for the authors page with the first letter 'S' 
2015-07-31 21:33:16,950 INFO  [Infonal Main Test Log] Checking if there is an author name without first letter 'S' 
2015-07-31 21:33:20,621 INFO  [Infonal Main Test Log] There is no author name in the list without the first letter 'S' 
2015-07-31 21:33:20,622 INFO  [Infonal Main Test Log] Checking if the last author name of the previous page and the first author name of the current page is the same 
2015-07-31 21:33:20,622 INFO  [Infonal Main Test Log] The last author name of the previous page and the first one of the current page are not the same! 
2015-07-31 21:33:20,622 INFO  [Infonal Main Test Log] Accessing the authors names with the first letter 'Þ' 
2015-07-31 21:33:24,569 INFO  [Infonal Main Test Log] Checking if the page has 80 or less author name in the list 
2015-07-31 21:33:24,569 INFO  [Infonal Main Test Log] There are 80 or less author name in the list! 
2015-07-31 21:33:24,570 INFO  [Infonal Main Test Log] Checking if there is an author name without first letter 'Þ' 
2015-07-31 21:33:26,537 INFO  [Infonal Main Test Log] There is no author name in the list without first letter 'Þ' 
2015-07-31 21:33:26,538 INFO  [Infonal Main Test Log] Checking if there is another authors page with the first letter 'Þ' 
2015-07-31 21:33:37,219 INFO  [Infonal Main Test Log] Accessing the authors names with the first letter 'T' 
2015-07-31 21:33:41,178 INFO  [Infonal Main Test Log] Checking if the page has 80 or less author name in the list 
2015-07-31 21:33:41,178 INFO  [Infonal Main Test Log] There are 80 or less author name in the list! 
2015-07-31 21:33:41,178 INFO  [Infonal Main Test Log] Checking if there is an author name without first letter 'T' 
2015-07-31 21:33:44,975 INFO  [Infonal Main Test Log] There is no author name in the list without first letter 'T' 
2015-07-31 21:33:44,975 INFO  [Infonal Main Test Log] Checking if there is another authors page with the first letter 'T' 
2015-07-31 21:33:47,218 INFO  [Infonal Main Test Log] There is another page for the authors page with the first letter 'T' 
2015-07-31 21:33:53,264 INFO  [Infonal Main Test Log] Checking if there is an author name without first letter 'T' 
2015-07-31 21:33:55,488 INFO  [Infonal Main Test Log] There is no author name in the list without the first letter 'T' 
2015-07-31 21:33:55,488 INFO  [Infonal Main Test Log] Checking if the last author name of the previous page and the first author name of the current page is the same 
2015-07-31 21:33:55,488 INFO  [Infonal Main Test Log] The last author name of the previous page and the first one of the current page are not the same! 
2015-07-31 21:33:55,488 INFO  [Infonal Main Test Log] Accessing the authors names with the first letter 'U' 
2015-07-31 21:33:58,854 INFO  [Infonal Main Test Log] Checking if the page has 80 or less author name in the list 
2015-07-31 21:33:58,854 INFO  [Infonal Main Test Log] There are 80 or less author name in the list! 
2015-07-31 21:33:58,854 INFO  [Infonal Main Test Log] Checking if there is an author name without first letter 'U' 
2015-07-31 21:34:00,442 INFO  [Infonal Main Test Log] There is no author name in the list without first letter 'U' 
2015-07-31 21:34:00,443 INFO  [Infonal Main Test Log] Checking if there is another authors page with the first letter 'U' 
2015-07-31 21:34:11,151 INFO  [Infonal Main Test Log] Accessing the authors names with the first letter 'Ü' 
2015-07-31 21:34:15,187 INFO  [Infonal Main Test Log] Checking if the page has 80 or less author name in the list 
2015-07-31 21:34:15,187 INFO  [Infonal Main Test Log] There are 80 or less author name in the list! 
2015-07-31 21:34:15,187 INFO  [Infonal Main Test Log] Checking if there is an author name without first letter 'Ü' 
2015-07-31 21:34:15,783 INFO  [Infonal Main Test Log] There is no author name in the list without first letter 'Ü' 
2015-07-31 21:34:15,783 INFO  [Infonal Main Test Log] Checking if there is another authors page with the first letter 'Ü' 
2015-07-31 21:34:26,262 INFO  [Infonal Main Test Log] Accessing the authors names with the first letter 'V' 
2015-07-31 21:34:30,247 INFO  [Infonal Main Test Log] Checking if the page has 80 or less author name in the list 
2015-07-31 21:34:30,247 INFO  [Infonal Main Test Log] There are 80 or less author name in the list! 
2015-07-31 21:34:30,247 INFO  [Infonal Main Test Log] Checking if there is an author name without first letter 'V' 
2015-07-31 21:34:32,602 INFO  [Infonal Main Test Log] There is no author name in the list without first letter 'V' 
2015-07-31 21:34:32,602 INFO  [Infonal Main Test Log] Checking if there is another authors page with the first letter 'V' 
2015-07-31 21:34:42,963 INFO  [Infonal Main Test Log] Accessing the authors names with the first letter 'W' 
2015-07-31 21:34:46,491 INFO  [Infonal Main Test Log] Checking if the page has 80 or less author name in the list 
2015-07-31 21:34:46,492 INFO  [Infonal Main Test Log] There are 80 or less author name in the list! 
2015-07-31 21:34:46,492 INFO  [Infonal Main Test Log] Checking if there is an author name without first letter 'W' 
2015-07-31 21:34:48,458 INFO  [Infonal Main Test Log] There is no author name in the list without first letter 'W' 
2015-07-31 21:34:48,458 INFO  [Infonal Main Test Log] Checking if there is another authors page with the first letter 'W' 
2015-07-31 21:34:58,686 INFO  [Infonal Main Test Log] Accessing the authors names with the first letter 'X' 
2015-07-31 21:35:02,700 INFO  [Infonal Main Test Log] Checking if the page has 80 or less author name in the list 
2015-07-31 21:35:02,700 INFO  [Infonal Main Test Log] There are 80 or less author name in the list! 
2015-07-31 21:35:02,701 INFO  [Infonal Main Test Log] Checking if there is an author name without first letter 'X' 
2015-07-31 21:35:02,761 INFO  [Infonal Main Test Log] There is no author name in the list without first letter 'X' 
2015-07-31 21:35:02,761 INFO  [Infonal Main Test Log] Checking if there is another authors page with the first letter 'X' 
2015-07-31 21:35:14,004 INFO  [Infonal Main Test Log] Accessing the authors names with the first letter 'Y' 
2015-07-31 21:35:17,625 INFO  [Infonal Main Test Log] Checking if the page has 80 or less author name in the list 
2015-07-31 21:35:17,625 INFO  [Infonal Main Test Log] There are 80 or less author name in the list! 
2015-07-31 21:35:17,626 INFO  [Infonal Main Test Log] Checking if there is an author name without first letter 'Y' 
2015-07-31 21:35:21,340 INFO  [Infonal Main Test Log] There is no author name in the list without first letter 'Y' 
2015-07-31 21:35:21,340 INFO  [Infonal Main Test Log] Checking if there is another authors page with the first letter 'Y' 
2015-07-31 21:35:32,487 INFO  [Infonal Main Test Log] Accessing the authors names with the first letter 'Z' 
2015-07-31 21:35:36,171 INFO  [Infonal Main Test Log] Checking if the page has 80 or less author name in the list 
2015-07-31 21:35:36,171 INFO  [Infonal Main Test Log] There are 80 or less author name in the list! 
2015-07-31 21:35:36,171 INFO  [Infonal Main Test Log] Checking if there is an author name without first letter 'Z' 
2015-07-31 21:35:37,708 INFO  [Infonal Main Test Log] There is no author name in the list without first letter 'Z' 
2015-07-31 21:35:37,708 INFO  [Infonal Main Test Log] Checking if there is another authors page with the first letter 'Z' 
2015-07-31 21:35:49,089 INFO  [Infonal Main Test Log] Test completed successfully... 
2015-07-31 21:35:51,754 INFO  [Infonal Main Test Log] Terminating the driver 
2015-08-01 12:43:43,746 INFO  [Infonal Main Test Log] Test completed successfully... 
2015-08-01 12:51:24,415 INFO  [Infonal Main Test Log] New driver instantiated 
2015-08-01 12:51:24,417 INFO  [Infonal Main Test Log] Trying to enter facebook with blank username and Facebook! 
2015-08-01 12:51:46,202 INFO  [Infonal Main Test Log] Logging in Facebook with username and password 
2015-08-01 12:52:18,201 INFO  [Infonal Main Test Log] Checking whether the entered username or/and password is correct 
2015-08-01 12:52:27,139 INFO  [Infonal Main Test Log] Entered values are correct, logged in Facebook! 
2015-08-01 12:52:27,139 INFO  [Infonal Main Test Log] Closing the first driver and opening the second driver for N11 web site! 
2015-08-01 12:52:55,614 INFO  [Infonal Main Test Log] Another driver instantiated 
2015-08-01 12:52:55,617 INFO  [Infonal Main Test Log] Visiting the www.n11.com website 
2015-08-01 12:53:16,484 INFO  [Infonal Main Test Log] Trying to access 'Kitap' link through dropdown menu 
2015-08-01 12:53:21,359 INFO  [Infonal Main Test Log] Accessed the link 'Kitap' through 'Kitap, Müzik, Film, Oyun' dropdown menu 
2015-08-01 12:53:21,360 INFO  [Infonal Main Test Log] Waiting imlicitly since it can be slower to reach the site in some systems. 
2015-08-01 12:53:33,001 INFO  [Infonal Main Test Log] Closing the pop-up advertisement! 
2015-08-01 12:53:47,769 INFO  [Infonal Main Test Log] Waiting for the page to load the 'book' page 
2015-08-01 12:53:57,769 INFO  [Infonal Main Test Log] Accessing the 'Yazarlar' page through relevant link 
2015-08-01 12:54:05,930 INFO  [Infonal Main Test Log] Waiting implicitly for the page to load the 'book' page 
2015-08-01 12:54:09,214 INFO  [Infonal Main Test Log] Accessing the authors names with the first letter 'A' 
2015-08-01 12:54:15,011 INFO  [Infonal Main Test Log] Checking if the page has 80 or less author name in the list 
2015-08-01 12:54:15,011 INFO  [Infonal Main Test Log] There are 80 or less author name in the list! 
2015-08-01 12:54:15,012 INFO  [Infonal Main Test Log] Checking if there is an author name without first letter 'A' 
2015-08-01 12:54:20,730 INFO  [Infonal Main Test Log] There is no author name in the list without first letter 'A' 
2015-08-01 12:54:20,730 INFO  [Infonal Main Test Log] Checking if there is another authors page with the first letter 'A' 
2015-08-01 12:54:23,260 INFO  [Infonal Main Test Log] There is another page for the authors page with the first letter 'A' 
2015-08-01 12:54:28,936 INFO  [Infonal Main Test Log] Checking if there is an author name without first letter 'A' 
2015-08-01 12:54:33,708 INFO  [Infonal Main Test Log] There is no author name in the list without the first letter 'A' 
2015-08-01 12:54:33,709 INFO  [Infonal Main Test Log] Checking if the last author name of the previous page and the first author name of the current page is the same 
2015-08-01 12:54:33,709 INFO  [Infonal Main Test Log] The last author name of the previous page and the first one of the current page are not the same! 
2015-08-01 12:54:33,709 INFO  [Infonal Main Test Log] Accessing the authors names with the first letter 'B' 
2015-08-01 12:54:38,514 INFO  [Infonal Main Test Log] Checking if the page has 80 or less author name in the list 
2015-08-01 12:54:38,514 INFO  [Infonal Main Test Log] There are 80 or less author name in the list! 
2015-08-01 12:54:38,514 INFO  [Infonal Main Test Log] Checking if there is an author name without first letter 'B' 
2015-08-01 12:54:45,138 INFO  [Infonal Main Test Log] There is no author name in the list without first letter 'B' 
2015-08-01 12:54:45,138 INFO  [Infonal Main Test Log] Checking if there is another authors page with the first letter 'B' 
2015-08-01 12:54:47,333 INFO  [Infonal Main Test Log] There is another page for the authors page with the first letter 'B' 
2015-08-01 12:54:53,069 INFO  [Infonal Main Test Log] Checking if there is an author name without first letter 'B' 
2015-08-01 12:54:57,480 INFO  [Infonal Main Test Log] There is no author name in the list without the first letter 'B' 
2015-08-01 12:54:57,480 INFO  [Infonal Main Test Log] Checking if the last author name of the previous page and the first author name of the current page is the same 
2015-08-01 12:54:57,480 INFO  [Infonal Main Test Log] The last author name of the previous page and the first one of the current page are not the same! 
2015-08-01 12:54:57,480 INFO  [Infonal Main Test Log] Accessing the authors names with the first letter 'C' 
2015-08-01 12:55:01,222 INFO  [Infonal Main Test Log] Checking if the page has 80 or less author name in the list 
2015-08-01 12:55:01,222 INFO  [Infonal Main Test Log] There are 80 or less author name in the list! 
2015-08-01 12:55:01,222 INFO  [Infonal Main Test Log] Checking if there is an author name without first letter 'C' 
2015-08-01 12:55:06,259 INFO  [Infonal Main Test Log] There is no author name in the list without first letter 'C' 
2015-08-01 12:55:06,259 INFO  [Infonal Main Test Log] Checking if there is another authors page with the first letter 'C' 
2015-08-01 12:55:08,579 INFO  [Infonal Main Test Log] There is another page for the authors page with the first letter 'C' 
2015-08-01 12:55:14,782 INFO  [Infonal Main Test Log] Checking if there is an author name without first letter 'C' 
2015-08-01 12:55:19,899 INFO  [Infonal Main Test Log] There is no author name in the list without the first letter 'C' 
2015-08-01 12:55:19,899 INFO  [Infonal Main Test Log] Checking if the last author name of the previous page and the first author name of the current page is the same 
2015-08-01 12:55:19,899 INFO  [Infonal Main Test Log] The last author name of the previous page and the first one of the current page are not the same! 
2015-08-01 12:55:19,900 INFO  [Infonal Main Test Log] Accessing the authors names with the first letter 'Ç' 
2015-08-01 12:55:23,177 INFO  [Infonal Main Test Log] Checking if the page has 80 or less author name in the list 
2015-08-01 12:55:23,177 INFO  [Infonal Main Test Log] There are 80 or less author name in the list! 
2015-08-01 12:55:23,177 INFO  [Infonal Main Test Log] Checking if there is an author name without first letter 'Ç' 
2015-08-01 12:55:23,645 INFO  [Infonal Main Test Log] There is no author name in the list without first letter 'Ç' 
2015-08-01 12:55:23,646 INFO  [Infonal Main Test Log] Checking if there is another authors page with the first letter 'Ç' 
2015-08-01 12:55:35,079 INFO  [Infonal Main Test Log] Accessing the authors names with the first letter 'D' 
2015-08-01 12:55:38,702 INFO  [Infonal Main Test Log] Checking if the page has 80 or less author name in the list 
2015-08-01 12:55:38,702 INFO  [Infonal Main Test Log] There are 80 or less author name in the list! 
2015-08-01 12:55:38,702 INFO  [Infonal Main Test Log] Checking if there is an author name without first letter 'D' 
2015-08-01 12:55:43,567 INFO  [Infonal Main Test Log] There is no author name in the list without first letter 'D' 
2015-08-01 12:55:43,567 INFO  [Infonal Main Test Log] Checking if there is another authors page with the first letter 'D' 
2015-08-01 12:55:46,427 INFO  [Infonal Main Test Log] There is another page for the authors page with the first letter 'D' 
2015-08-01 12:55:52,199 INFO  [Infonal Main Test Log] Checking if there is an author name without first letter 'D' 
2015-08-01 12:55:54,146 INFO  [Infonal Main Test Log] There is no author name in the list without the first letter 'D' 
2015-08-01 12:55:54,146 INFO  [Infonal Main Test Log] Checking if the last author name of the previous page and the first author name of the current page is the same 
2015-08-01 12:55:54,146 INFO  [Infonal Main Test Log] The last author name of the previous page and the first one of the current page are not the same! 
2015-08-01 12:55:54,146 INFO  [Infonal Main Test Log] Accessing the authors names with the first letter 'E' 
2015-08-01 12:55:57,651 INFO  [Infonal Main Test Log] Checking if the page has 80 or less author name in the list 
2015-08-01 12:55:57,651 INFO  [Infonal Main Test Log] There are 80 or less author name in the list! 
2015-08-01 12:55:57,651 INFO  [Infonal Main Test Log] Checking if there is an author name without first letter 'E' 
2015-08-01 12:56:02,559 INFO  [Infonal Main Test Log] There is no author name in the list without first letter 'E' 
2015-08-01 12:56:02,559 INFO  [Infonal Main Test Log] Checking if there is another authors page with the first letter 'E' 
2015-08-01 12:56:04,931 INFO  [Infonal Main Test Log] There is another page for the authors page with the first letter 'E' 
2015-08-01 12:56:11,131 INFO  [Infonal Main Test Log] Checking if there is an author name without first letter 'E' 
2015-08-01 12:56:14,919 INFO  [Infonal Main Test Log] There is no author name in the list without the first letter 'E' 
2015-08-01 12:56:14,919 INFO  [Infonal Main Test Log] Checking if the last author name of the previous page and the first author name of the current page is the same 
2015-08-01 12:56:14,919 INFO  [Infonal Main Test Log] The last author name of the previous page and the first one of the current page are not the same! 
2015-08-01 12:56:14,919 INFO  [Infonal Main Test Log] Accessing the authors names with the first letter 'F' 
2015-08-01 12:56:18,783 INFO  [Infonal Main Test Log] Checking if the page has 80 or less author name in the list 
2015-08-01 12:56:18,783 INFO  [Infonal Main Test Log] There are 80 or less author name in the list! 
2015-08-01 12:56:18,783 INFO  [Infonal Main Test Log] Checking if there is an author name without first letter 'F' 
2015-08-01 12:56:23,797 INFO  [Infonal Main Test Log] There is no author name in the list without first letter 'F' 
2015-08-01 12:56:23,797 INFO  [Infonal Main Test Log] Checking if there is another authors page with the first letter 'F' 
2015-08-01 12:56:26,125 INFO  [Infonal Main Test Log] There is another page for the authors page with the first letter 'F' 
2015-08-01 12:56:32,603 INFO  [Infonal Main Test Log] Checking if there is an author name without first letter 'F' 
2015-08-01 12:56:35,907 INFO  [Infonal Main Test Log] There is no author name in the list without the first letter 'F' 
2015-08-01 12:56:35,907 INFO  [Infonal Main Test Log] Checking if the last author name of the previous page and the first author name of the current page is the same 
2015-08-01 12:56:35,907 INFO  [Infonal Main Test Log] The last author name of the previous page and the first one of the current page are not the same! 
2015-08-01 12:56:35,907 INFO  [Infonal Main Test Log] Accessing the authors names with the first letter 'G' 
2015-08-01 12:56:39,571 INFO  [Infonal Main Test Log] Checking if the page has 80 or less author name in the list 
2015-08-01 12:56:39,572 INFO  [Infonal Main Test Log] There are 80 or less author name in the list! 
2015-08-01 12:56:39,572 INFO  [Infonal Main Test Log] Checking if there is an author name without first letter 'G' 
2015-08-01 12:56:43,899 INFO  [Infonal Main Test Log] There is no author name in the list without first letter 'G' 
2015-08-01 12:56:43,899 INFO  [Infonal Main Test Log] Checking if there is another authors page with the first letter 'G' 
2015-08-01 12:56:46,244 INFO  [Infonal Main Test Log] There is another page for the authors page with the first letter 'G' 
2015-08-01 12:56:52,492 INFO  [Infonal Main Test Log] Checking if there is an author name without first letter 'G' 
2015-08-01 12:56:54,839 INFO  [Infonal Main Test Log] There is no author name in the list without the first letter 'G' 
2015-08-01 12:56:54,839 INFO  [Infonal Main Test Log] Checking if the last author name of the previous page and the first author name of the current page is the same 
2015-08-01 12:56:54,839 INFO  [Infonal Main Test Log] The last author name of the previous page and the first one of the current page are not the same! 
2015-08-01 12:56:54,839 INFO  [Infonal Main Test Log] Accessing the authors names with the first letter 'H' 
2015-08-01 12:56:59,098 INFO  [Infonal Main Test Log] Checking if the page has 80 or less author name in the list 
2015-08-01 12:56:59,098 INFO  [Infonal Main Test Log] There are 80 or less author name in the list! 
2015-08-01 12:56:59,098 INFO  [Infonal Main Test Log] Checking if there is an author name without first letter 'H' 
2015-08-01 12:57:03,919 INFO  [Infonal Main Test Log] There is no author name in the list without first letter 'H' 
2015-08-01 12:57:03,919 INFO  [Infonal Main Test Log] Checking if there is another authors page with the first letter 'H' 
2015-08-01 12:57:07,116 INFO  [Infonal Main Test Log] There is another page for the authors page with the first letter 'H' 
2015-08-01 12:57:13,576 INFO  [Infonal Main Test Log] Checking if there is an author name without first letter 'H' 
2015-08-01 12:57:18,437 INFO  [Infonal Main Test Log] There is no author name in the list without the first letter 'H' 
2015-08-01 12:57:18,437 INFO  [Infonal Main Test Log] Checking if the last author name of the previous page and the first author name of the current page is the same 
2015-08-01 12:57:18,437 INFO  [Infonal Main Test Log] The last author name of the previous page and the first one of the current page are not the same! 
2015-08-01 12:57:18,437 INFO  [Infonal Main Test Log] Accessing the authors names with the first letter 'I' 
2015-08-01 12:57:22,738 INFO  [Infonal Main Test Log] Checking if the page has 80 or less author name in the list 
2015-08-01 12:57:22,738 INFO  [Infonal Main Test Log] There are 80 or less author name in the list! 
2015-08-01 12:57:22,738 INFO  [Infonal Main Test Log] Checking if there is an author name without first letter 'I' 
2015-08-01 12:57:24,627 INFO  [Infonal Main Test Log] There is no author name in the list without first letter 'I' 
2015-08-01 12:57:24,627 INFO  [Infonal Main Test Log] Checking if there is another authors page with the first letter 'I' 
2015-08-01 12:57:35,834 INFO  [Infonal Main Test Log] Accessing the authors names with the first letter 'Ý' 
2015-08-01 12:57:39,553 INFO  [Infonal Main Test Log] Checking if the page has 80 or less author name in the list 
2015-08-01 12:57:39,554 INFO  [Infonal Main Test Log] There are 80 or less author name in the list! 
2015-08-01 12:57:39,554 INFO  [Infonal Main Test Log] Checking if there is an author name without first letter 'Ý' 
2015-08-01 12:57:43,022 INFO  [Infonal Main Test Log] There is no author name in the list without first letter 'Ý' 
2015-08-01 12:57:43,022 INFO  [Infonal Main Test Log] Checking if there is another authors page with the first letter 'Ý' 
2015-08-01 12:57:54,228 INFO  [Infonal Main Test Log] Accessing the authors names with the first letter 'J' 
2015-08-01 12:57:58,251 INFO  [Infonal Main Test Log] Checking if the page has 80 or less author name in the list 
2015-08-01 12:57:58,251 INFO  [Infonal Main Test Log] There are 80 or less author name in the list! 
2015-08-01 12:57:58,251 INFO  [Infonal Main Test Log] Checking if there is an author name without first letter 'J' 
2015-08-01 12:58:02,333 INFO  [Infonal Main Test Log] There is no author name in the list without first letter 'J' 
2015-08-01 12:58:02,333 INFO  [Infonal Main Test Log] Checking if there is another authors page with the first letter 'J' 
2015-08-01 12:58:05,095 INFO  [Infonal Main Test Log] There is another page for the authors page with the first letter 'J' 
2015-08-01 12:58:12,272 INFO  [Infonal Main Test Log] Checking if there is an author name without first letter 'J' 
2015-08-01 12:58:18,155 INFO  [Infonal Main Test Log] There is no author name in the list without the first letter 'J' 
2015-08-01 12:58:18,155 INFO  [Infonal Main Test Log] Checking if the last author name of the previous page and the first author name of the current page is the same 
2015-08-01 12:58:18,155 INFO  [Infonal Main Test Log] The last author name of the previous page and the first one of the current page are not the same! 
2015-08-01 12:58:18,155 INFO  [Infonal Main Test Log] Accessing the authors names with the first letter 'K' 
2015-08-01 12:58:21,839 INFO  [Infonal Main Test Log] Checking if the page has 80 or less author name in the list 
2015-08-01 12:58:21,840 INFO  [Infonal Main Test Log] There are 80 or less author name in the list! 
2015-08-01 12:58:21,840 INFO  [Infonal Main Test Log] Checking if there is an author name without first letter 'K' 
2015-08-01 12:58:28,120 INFO  [Infonal Main Test Log] There is no author name in the list without first letter 'K' 
2015-08-01 12:58:28,120 INFO  [Infonal Main Test Log] Checking if there is another authors page with the first letter 'K' 
2015-08-01 12:58:30,948 INFO  [Infonal Main Test Log] There is another page for the authors page with the first letter 'K' 
2015-08-01 12:58:39,578 INFO  [Infonal Main Test Log] Checking if there is an author name without first letter 'K' 
2015-08-01 12:58:43,318 INFO  [Infonal Main Test Log] There is no author name in the list without the first letter 'K' 
2015-08-01 12:58:43,318 INFO  [Infonal Main Test Log] Checking if the last author name of the previous page and the first author name of the current page is the same 
2015-08-01 12:58:43,318 INFO  [Infonal Main Test Log] The last author name of the previous page and the first one of the current page are not the same! 
2015-08-01 12:58:43,318 INFO  [Infonal Main Test Log] Accessing the authors names with the first letter 'L' 
2015-08-01 12:58:49,036 INFO  [Infonal Main Test Log] Checking if the page has 80 or less author name in the list 
2015-08-01 12:58:49,036 INFO  [Infonal Main Test Log] There are 80 or less author name in the list! 
2015-08-01 12:58:49,036 INFO  [Infonal Main Test Log] Checking if there is an author name without first letter 'L' 
2015-08-01 12:58:54,742 INFO  [Infonal Main Test Log] There is no author name in the list without first letter 'L' 
2015-08-01 12:58:54,742 INFO  [Infonal Main Test Log] Checking if there is another authors page with the first letter 'L' 
2015-08-01 12:58:57,730 INFO  [Infonal Main Test Log] There is another page for the authors page with the first letter 'L' 
2015-08-01 12:59:05,543 INFO  [Infonal Main Test Log] Checking if there is an author name without first letter 'L' 
2015-08-01 12:59:07,915 INFO  [Infonal Main Test Log] There is no author name in the list without the first letter 'L' 
2015-08-01 12:59:07,916 INFO  [Infonal Main Test Log] Checking if the last author name of the previous page and the first author name of the current page is the same 
2015-08-01 12:59:07,916 INFO  [Infonal Main Test Log] The last author name of the previous page and the first one of the current page are not the same! 
2015-08-01 12:59:07,916 INFO  [Infonal Main Test Log] Accessing the authors names with the first letter 'M' 
2015-08-01 12:59:12,178 INFO  [Infonal Main Test Log] Checking if the page has 80 or less author name in the list 
2015-08-01 12:59:12,178 INFO  [Infonal Main Test Log] There are 80 or less author name in the list! 
2015-08-01 12:59:12,178 INFO  [Infonal Main Test Log] Checking if there is an author name without first letter 'M' 
2015-08-01 12:59:16,165 INFO  [Infonal Main Test Log] There is no author name in the list without first letter 'M' 
2015-08-01 12:59:16,165 INFO  [Infonal Main Test Log] Checking if there is another authors page with the first letter 'M' 
2015-08-01 12:59:18,453 INFO  [Infonal Main Test Log] There is another page for the authors page with the first letter 'M' 
2015-08-01 12:59:26,298 INFO  [Infonal Main Test Log] Checking if there is an author name without first letter 'M' 
2015-08-01 12:59:32,474 INFO  [Infonal Main Test Log] There is no author name in the list without the first letter 'M' 
2015-08-01 12:59:32,474 INFO  [Infonal Main Test Log] Checking if the last author name of the previous page and the first author name of the current page is the same 
2015-08-01 12:59:32,474 INFO  [Infonal Main Test Log] The last author name of the previous page and the first one of the current page are not the same! 
2015-08-01 12:59:32,474 INFO  [Infonal Main Test Log] Accessing the authors names with the first letter 'N' 
2015-08-01 12:59:36,363 INFO  [Infonal Main Test Log] Checking if the page has 80 or less author name in the list 
2015-08-01 12:59:36,363 INFO  [Infonal Main Test Log] There are 80 or less author name in the list! 
2015-08-01 12:59:36,363 INFO  [Infonal Main Test Log] Checking if there is an author name without first letter 'N' 
2015-08-01 12:59:41,945 INFO  [Infonal Main Test Log] There is no author name in the list without first letter 'N' 
2015-08-01 12:59:41,945 INFO  [Infonal Main Test Log] Checking if there is another authors page with the first letter 'N' 
2015-08-01 12:59:44,750 INFO  [Infonal Main Test Log] There is another page for the authors page with the first letter 'N' 
2015-08-01 12:59:50,267 INFO  [Infonal Main Test Log] Checking if there is an author name without first letter 'N' 
2015-08-01 12:59:53,408 INFO  [Infonal Main Test Log] There is no author name in the list without the first letter 'N' 
2015-08-01 12:59:53,410 INFO  [Infonal Main Test Log] Checking if the last author name of the previous page and the first author name of the current page is the same 
2015-08-01 12:59:53,410 INFO  [Infonal Main Test Log] The last author name of the previous page and the first one of the current page are not the same! 
2015-08-01 12:59:53,410 INFO  [Infonal Main Test Log] Accessing the authors names with the first letter 'O' 
2015-08-01 12:59:58,286 INFO  [Infonal Main Test Log] Checking if the page has 80 or less author name in the list 
2015-08-01 12:59:58,287 INFO  [Infonal Main Test Log] There are 80 or less author name in the list! 
2015-08-01 12:59:58,287 INFO  [Infonal Main Test Log] Checking if there is an author name without first letter 'O' 
2015-08-01 13:00:02,901 INFO  [Infonal Main Test Log] There is no author name in the list without first letter 'O' 
2015-08-01 13:00:02,903 INFO  [Infonal Main Test Log] Checking if there is another authors page with the first letter 'O' 
2015-08-01 13:00:13,232 INFO  [Infonal Main Test Log] Accessing the authors names with the first letter 'Ö' 
2015-08-01 13:00:17,210 INFO  [Infonal Main Test Log] Checking if the page has 80 or less author name in the list 
2015-08-01 13:00:17,211 INFO  [Infonal Main Test Log] There are 80 or less author name in the list! 
2015-08-01 13:00:17,211 INFO  [Infonal Main Test Log] Checking if there is an author name without first letter 'Ö' 
2015-08-01 13:00:19,542 INFO  [Infonal Main Test Log] There is no author name in the list without first letter 'Ö' 
2015-08-01 13:00:19,542 INFO  [Infonal Main Test Log] Checking if there is another authors page with the first letter 'Ö' 
2015-08-01 13:00:30,659 INFO  [Infonal Main Test Log] Accessing the authors names with the first letter 'P' 
2015-08-01 13:00:34,234 INFO  [Infonal Main Test Log] Checking if the page has 80 or less author name in the list 
2015-08-01 13:00:34,234 INFO  [Infonal Main Test Log] There are 80 or less author name in the list! 
2015-08-01 13:00:34,234 INFO  [Infonal Main Test Log] Checking if there is an author name without first letter 'P' 
2015-08-01 13:00:39,909 INFO  [Infonal Main Test Log] There is no author name in the list without first letter 'P' 
2015-08-01 13:00:39,909 INFO  [Infonal Main Test Log] Checking if there is another authors page with the first letter 'P' 
2015-08-01 13:00:42,785 INFO  [Infonal Main Test Log] There is another page for the authors page with the first letter 'P' 
2015-08-01 13:00:50,049 INFO  [Infonal Main Test Log] Checking if there is an author name without first letter 'P' 
2015-08-01 13:00:51,318 INFO  [Infonal Main Test Log] There is no author name in the list without the first letter 'P' 
2015-08-01 13:00:51,318 INFO  [Infonal Main Test Log] Checking if the last author name of the previous page and the first author name of the current page is the same 
2015-08-01 13:00:51,318 INFO  [Infonal Main Test Log] The last author name of the previous page and the first one of the current page are not the same! 
2015-08-01 13:00:51,318 INFO  [Infonal Main Test Log] Accessing the authors names with the first letter 'Q' 
2015-08-01 13:00:54,777 INFO  [Infonal Main Test Log] Checking if the page has 80 or less author name in the list 
2015-08-01 13:00:54,777 INFO  [Infonal Main Test Log] There are 80 or less author name in the list! 
2015-08-01 13:00:54,777 INFO  [Infonal Main Test Log] Checking if there is an author name without first letter 'Q' 
2015-08-01 13:00:54,893 INFO  [Infonal Main Test Log] There is no author name in the list without first letter 'Q' 
2015-08-01 13:00:54,893 INFO  [Infonal Main Test Log] Checking if there is another authors page with the first letter 'Q' 
2015-08-01 13:01:06,098 INFO  [Infonal Main Test Log] Accessing the authors names with the first letter 'R' 
2015-08-01 13:01:10,008 INFO  [Infonal Main Test Log] Checking if the page has 80 or less author name in the list 
2015-08-01 13:01:10,009 INFO  [Infonal Main Test Log] There are 80 or less author name in the list! 
2015-08-01 13:01:10,009 INFO  [Infonal Main Test Log] Checking if there is an author name without first letter 'R' 
2015-08-01 13:01:15,404 INFO  [Infonal Main Test Log] There is no author name in the list without first letter 'R' 
2015-08-01 13:01:15,404 INFO  [Infonal Main Test Log] Checking if there is another authors page with the first letter 'R' 
2015-08-01 13:01:17,987 INFO  [Infonal Main Test Log] There is another page for the authors page with the first letter 'R' 
2015-08-01 13:01:24,617 INFO  [Infonal Main Test Log] Checking if there is an author name without first letter 'R' 
2015-08-01 13:01:27,705 INFO  [Infonal Main Test Log] There is no author name in the list without the first letter 'R' 
2015-08-01 13:01:27,705 INFO  [Infonal Main Test Log] Checking if the last author name of the previous page and the first author name of the current page is the same 
2015-08-01 13:01:27,705 INFO  [Infonal Main Test Log] The last author name of the previous page and the first one of the current page are not the same! 
2015-08-01 13:01:27,706 INFO  [Infonal Main Test Log] Accessing the authors names with the first letter 'S' 
2015-08-01 13:01:31,646 INFO  [Infonal Main Test Log] Checking if the page has 80 or less author name in the list 
2015-08-01 13:01:31,647 INFO  [Infonal Main Test Log] There are 80 or less author name in the list! 
2015-08-01 13:01:31,647 INFO  [Infonal Main Test Log] Checking if there is an author name without first letter 'S' 
2015-08-01 13:01:36,768 INFO  [Infonal Main Test Log] There is no author name in the list without first letter 'S' 
2015-08-01 13:01:36,768 INFO  [Infonal Main Test Log] Checking if there is another authors page with the first letter 'S' 
2015-08-01 13:01:39,199 INFO  [Infonal Main Test Log] There is another page for the authors page with the first letter 'S' 
2015-08-01 13:01:45,573 INFO  [Infonal Main Test Log] Checking if there is an author name without first letter 'S' 
2015-08-01 13:01:50,217 INFO  [Infonal Main Test Log] There is no author name in the list without the first letter 'S' 
2015-08-01 13:01:50,217 INFO  [Infonal Main Test Log] Checking if the last author name of the previous page and the first author name of the current page is the same 
2015-08-01 13:01:50,217 INFO  [Infonal Main Test Log] The last author name of the previous page and the first one of the current page are not the same! 
2015-08-01 13:01:50,217 INFO  [Infonal Main Test Log] Accessing the authors names with the first letter 'Þ' 
2015-08-01 13:01:53,822 INFO  [Infonal Main Test Log] Checking if the page has 80 or less author name in the list 
2015-08-01 13:01:53,823 INFO  [Infonal Main Test Log] There are 80 or less author name in the list! 
2015-08-01 13:01:53,823 INFO  [Infonal Main Test Log] Checking if there is an author name without first letter 'Þ' 
2015-08-01 13:01:56,542 INFO  [Infonal Main Test Log] There is no author name in the list without first letter 'Þ' 
2015-08-01 13:01:56,542 INFO  [Infonal Main Test Log] Checking if there is another authors page with the first letter 'Þ' 
2015-08-01 13:02:07,974 INFO  [Infonal Main Test Log] Accessing the authors names with the first letter 'T' 
2015-08-01 13:02:12,059 INFO  [Infonal Main Test Log] Checking if the page has 80 or less author name in the list 
2015-08-01 13:02:12,059 INFO  [Infonal Main Test Log] There are 80 or less author name in the list! 
2015-08-01 13:02:12,059 INFO  [Infonal Main Test Log] Checking if there is an author name without first letter 'T' 
2015-08-01 13:02:15,737 INFO  [Infonal Main Test Log] There is no author name in the list without first letter 'T' 
2015-08-01 13:02:15,737 INFO  [Infonal Main Test Log] Checking if there is another authors page with the first letter 'T' 
2015-08-01 13:02:18,247 INFO  [Infonal Main Test Log] There is another page for the authors page with the first letter 'T' 
2015-08-01 13:02:24,454 INFO  [Infonal Main Test Log] Checking if there is an author name without first letter 'T' 
2015-08-01 13:02:26,828 INFO  [Infonal Main Test Log] There is no author name in the list without the first letter 'T' 
2015-08-01 13:02:26,828 INFO  [Infonal Main Test Log] Checking if the last author name of the previous page and the first author name of the current page is the same 
2015-08-01 13:02:26,828 INFO  [Infonal Main Test Log] The last author name of the previous page and the first one of the current page are not the same! 
2015-08-01 13:02:26,828 INFO  [Infonal Main Test Log] Accessing the authors names with the first letter 'U' 
2015-08-01 13:02:31,547 INFO  [Infonal Main Test Log] Checking if the page has 80 or less author name in the list 
2015-08-01 13:02:31,547 INFO  [Infonal Main Test Log] There are 80 or less author name in the list! 
2015-08-01 13:02:31,547 INFO  [Infonal Main Test Log] Checking if there is an author name without first letter 'U' 
2015-08-01 13:02:33,359 INFO  [Infonal Main Test Log] There is no author name in the list without first letter 'U' 
2015-08-01 13:02:33,359 INFO  [Infonal Main Test Log] Checking if there is another authors page with the first letter 'U' 
2015-08-01 13:02:44,334 INFO  [Infonal Main Test Log] Accessing the authors names with the first letter 'Ü' 
2015-08-01 13:02:48,428 INFO  [Infonal Main Test Log] Checking if the page has 80 or less author name in the list 
2015-08-01 13:02:48,428 INFO  [Infonal Main Test Log] There are 80 or less author name in the list! 
2015-08-01 13:02:48,428 INFO  [Infonal Main Test Log] Checking if there is an author name without first letter 'Ü' 
2015-08-01 13:02:49,254 INFO  [Infonal Main Test Log] There is no author name in the list without first letter 'Ü' 
2015-08-01 13:02:49,254 INFO  [Infonal Main Test Log] Checking if there is another authors page with the first letter 'Ü' 
2015-08-01 13:03:00,910 INFO  [Infonal Main Test Log] Accessing the authors names with the first letter 'V' 
2015-08-01 13:03:04,717 INFO  [Infonal Main Test Log] Checking if the page has 80 or less author name in the list 
2015-08-01 13:03:04,717 INFO  [Infonal Main Test Log] There are 80 or less author name in the list! 
2015-08-01 13:03:04,717 INFO  [Infonal Main Test Log] Checking if there is an author name without first letter 'V' 
2015-08-01 13:03:07,519 INFO  [Infonal Main Test Log] There is no author name in the list without first letter 'V' 
2015-08-01 13:03:07,519 INFO  [Infonal Main Test Log] Checking if there is another authors page with the first letter 'V' 
2015-08-01 13:03:18,423 INFO  [Infonal Main Test Log] Accessing the authors names with the first letter 'W' 
2015-08-01 13:03:23,251 INFO  [Infonal Main Test Log] Checking if the page has 80 or less author name in the list 
2015-08-01 13:03:23,252 INFO  [Infonal Main Test Log] There are 80 or less author name in the list! 
2015-08-01 13:03:23,252 INFO  [Infonal Main Test Log] Checking if there is an author name without first letter 'W' 
2015-08-01 13:03:25,544 INFO  [Infonal Main Test Log] There is no author name in the list without first letter 'W' 
2015-08-01 13:03:25,545 INFO  [Infonal Main Test Log] Checking if there is another authors page with the first letter 'W' 
2015-08-01 13:03:36,563 INFO  [Infonal Main Test Log] Accessing the authors names with the first letter 'X' 
2015-08-01 13:03:40,497 INFO  [Infonal Main Test Log] Checking if the page has 80 or less author name in the list 
2015-08-01 13:03:40,498 INFO  [Infonal Main Test Log] There are 80 or less author name in the list! 
2015-08-01 13:03:40,498 INFO  [Infonal Main Test Log] Checking if there is an author name without first letter 'X' 
2015-08-01 13:03:40,564 INFO  [Infonal Main Test Log] There is no author name in the list without first letter 'X' 
2015-08-01 13:03:40,564 INFO  [Infonal Main Test Log] Checking if there is another authors page with the first letter 'X' 
2015-08-01 13:03:51,586 INFO  [Infonal Main Test Log] Accessing the authors names with the first letter 'Y' 
2015-08-01 13:03:57,365 INFO  [Infonal Main Test Log] Checking if the page has 80 or less author name in the list 
2015-08-01 13:03:57,368 INFO  [Infonal Main Test Log] There are 80 or less author name in the list! 
2015-08-01 13:03:57,368 INFO  [Infonal Main Test Log] Checking if there is an author name without first letter 'Y' 
2015-08-01 13:04:04,196 INFO  [Infonal Main Test Log] There is no author name in the list without first letter 'Y' 
2015-08-01 13:04:04,196 INFO  [Infonal Main Test Log] Checking if there is another authors page with the first letter 'Y' 
2015-08-01 13:04:14,606 INFO  [Infonal Main Test Log] Accessing the authors names with the first letter 'Z' 
2015-08-01 13:04:20,931 INFO  [Infonal Main Test Log] Checking if the page has 80 or less author name in the list 
2015-08-01 13:04:20,931 INFO  [Infonal Main Test Log] There are 80 or less author name in the list! 
2015-08-01 13:04:20,931 INFO  [Infonal Main Test Log] Checking if there is an author name without first letter 'Z' 
2015-08-01 13:04:22,660 INFO  [Infonal Main Test Log] There is no author name in the list without first letter 'Z' 
2015-08-01 13:04:22,660 INFO  [Infonal Main Test Log] Checking if there is another authors page with the first letter 'Z' 
2015-08-01 13:04:32,838 INFO  [Infonal Main Test Log] Test completed... 
2015-08-01 13:04:38,605 INFO  [Infonal Main Test Log] Terminating the driver 
